[2025-08-23 23:38:11.657] [info] Using configuration file /home/soymadip/.config/waybar/config.jsonc
[2025-08-23 23:38:11.661] [info] Using CSS file /home/soymadip/.config/waybar/style.css
[2025-08-23 23:38:11.664] [info] Hyprland IPC starting
[2025-08-23 23:38:11.664] [info] Loading persistent workspaces from Waybar config
[2025-08-23 23:38:11.664] [info] Loading persistent workspaces from Hyprland workspace rules
No players found
[2025-08-23 23:38:11.682] [info] Bar configured (width: 1920, height: 34) for output: eDP-2
No players found
No players found
No players found
No players found
No players found
No players found
No players found
No players found
No players found
No players found
No players found
No players found
No players found
No players found
No players found
No players found
No players found
No players found
No players found
No players found
No players found
No players found
No players found
No players found
No players found
No players found
No players found
No players found
No players found
No players found
No players found
No players found
No players found
No players found
No players found
No players found
No players found
No players found
No players found
No players found
No players found
No players found
No players found
No players found
No players found
No players found
No players found
No players found
No players found
No players found
No players found
No players found
No players found
No players found
No players found
No players found
No players found
